Mon Jun 12 2023 , 11:54:9 [right meow! THROUGH ERROR] error: Global error ~~ [
  {
    "code": "invalid_type",
    "expected": "string",
    "received": "undefined",
    "path": [
      "body",
      "role"
    ],
    "message": "Role is required!"
  }
]
Mon Jun 12 2023 , 11:54:22 [right meow! THROUGH ERROR] error: Global error ~~ [
  {
    "code": "invalid_type",
    "expected": "string",
    "received": "undefined",
    "path": [
      "body",
      "role"
    ],
    "message": "Role is required!"
  }
]
Mon Jun 12 2023 , 11:54:24 [right meow! THROUGH ERROR] error: Global error ~~ [
  {
    "code": "invalid_type",
    "expected": "string",
    "received": "undefined",
    "path": [
      "body",
      "role"
    ],
    "message": "Role is required!"
  }
]
Mon Jun 12 2023 , 11:54:29 [right meow! THROUGH ERROR] error: Global error ~~ [
  {
    "code": "invalid_type",
    "expected": "string",
    "received": "undefined",
    "path": [
      "body",
      "role"
    ],
    "message": "Role is required!"
  }
]
Mon Jun 12 2023 , 11:54:31 [right meow! THROUGH ERROR] error: Global error ~~ [
  {
    "code": "invalid_type",
    "expected": "string",
    "received": "undefined",
    "path": [
      "body",
      "role"
    ],
    "message": "Role is required!"
  }
]
Mon Jun 12 2023 , 11:54:34 [right meow! THROUGH ERROR] error: Global error ~~ [
  {
    "code": "invalid_type",
    "expected": "string",
    "received": "undefined",
    "path": [
      "body",
      "role"
    ],
    "message": "Role is required!"
  }
]
Mon Jun 12 2023 , 11:54:45 [right meow! THROUGH ERROR] error: Global error ~~ [
  {
    "code": "invalid_type",
    "expected": "string",
    "received": "undefined",
    "path": [
      "body",
      "role"
    ],
    "message": "Role is required!"
  }
]
Mon Jun 12 2023 , 11:54:48 [right meow! THROUGH ERROR] error: Global error ~~ [
  {
    "code": "invalid_type",
    "expected": "string",
    "received": "undefined",
    "path": [
      "body",
      "role"
    ],
    "message": "Role is required!"
  }
]
Mon Jun 12 2023 , 11:54:49 [right meow! THROUGH ERROR] error: Global error ~~ [
  {
    "code": "invalid_type",
    "expected": "string",
    "received": "undefined",
    "path": [
      "body",
      "role"
    ],
    "message": "Role is required!"
  }
]
Mon Jun 12 2023 , 11:56:57 [right meow! THROUGH ERROR] error: Global error ~~ [
  {
    "code": "invalid_type",
    "expected": "string",
    "received": "undefined",
    "path": [
      "body",
      "role"
    ],
    "message": "Role is required!"
  }
]
